{
  meta: {
    req: {
      url: '/hello1',
      headers: {
        'content-type': 'application/json',
        'user-agent': 'PostmanRuntime/7.31.3',
        accept: '*/*',
        'postman-token': '5ca79554-7d0f-4c1d-bbfe-f02acbd09a5a',
        host: 'localhost:5000',
        'accept-encoding': 'gzip, deflate, br',
        connection: 'keep-alive',
        'content-length': '45'
      },
      method: 'GET',
      httpVersion: '1.1',
      originalUrl: '/hello1',
      query: {}
    },
    res: { statusCode: 500 },
    responseTime: 4
  },
  level: 'error',
  message: 'HTTP GET /hello1',
  timestamp: '2023-03-29T06:35:55.968Z'
}
{
  meta: {
    req: {
      url: '/hello1',
      headers: {
        'content-type': 'application/json',
        'user-agent': 'PostmanRuntime/7.31.3',
        accept: '*/*',
        'postman-token': 'b7968406-5756-426a-a603-e832628bd2f4',
        host: 'localhost:5000',
        'accept-encoding': 'gzip, deflate, br',
        connection: 'keep-alive',
        'content-length': '45'
      },
      method: 'GET',
      httpVersion: '1.1',
      originalUrl: '/hello1',
      query: {}
    },
    res: { statusCode: 500 },
    responseTime: 1
  },
  level: 'error',
  message: 'HTTP GET /hello1',
  timestamp: '2023-03-29T06:38:50.614Z'
}
{
  meta: {
    req: {
      url: '/hello1',
      headers: {
        'content-type': 'application/json',
        'user-agent': 'PostmanRuntime/7.31.3',
        accept: '*/*',
        'postman-token': '3222855d-1324-4075-9096-eebc6a3fbb9a',
        host: 'localhost:5000',
        'accept-encoding': 'gzip, deflate, br',
        connection: 'keep-alive',
        'content-length': '45'
      },
      method: 'GET',
      httpVersion: '1.1',
      originalUrl: '/hello1',
      query: {}
    },
    res: { statusCode: 500 },
    responseTime: 1
  },
  level: 'error',
  message: 'HTTP GET /hello1',
  timestamp: '2023-03-29T06:39:18.805Z'
}
{
  meta: {
    req: {
      url: '/hello1',
      headers: {
        'content-type': 'application/json',
        'user-agent': 'PostmanRuntime/7.31.3',
        accept: '*/*',
        'postman-token': '3a6ee8ed-241d-4402-b6d3-c6a2d8f357b7',
        host: 'localhost:5000',
        'accept-encoding': 'gzip, deflate, br',
        connection: 'keep-alive',
        'content-length': '45'
      },
      method: 'GET',
      httpVersion: '1.1',
      originalUrl: '/hello1',
      query: {}
    },
    res: { statusCode: 500 },
    responseTime: 7
  },
  level: 'error',
  message: 'HTTP GET /hello1',
  timestamp: '2023-03-29T06:39:36.565Z'
}
